2019-12-08 16:59:12.390  INFO 2587 --- [restartedMain] com.example.demo.DemoApplication         : Starting DemoApplication on norbi-pc with PID 2587 (/home/norbi/projekt-demo/demo/src/main/webapp/WEB-INF/classes started by norbi in /home/norbi/projekt-demo/demo)
2019-12-08 16:59:12.405  INFO 2587 --- [restartedMain] com.example.demo.DemoApplication         : The following profiles are active: dev
2019-12-08 16:59:12.494  INFO 2587 --- [restartedMain] o.s.b.devtools.restart.ChangeableUrls    : The Class-Path manifest attribute in /home/norbi/.m2/repository/org/glassfish/jaxb/jaxb-runtime/2.3.2/jaxb-runtime-2.3.2.jar referenced one or more files that do not exist: file:/home/norbi/.m2/repository/org/glassfish/jaxb/jaxb-runtime/2.3.2/jakarta.xml.bind-api-2.3.2.jar,file:/home/norbi/.m2/repository/org/glassfish/jaxb/jaxb-runtime/2.3.2/txw2-2.3.2.jar,file:/home/norbi/.m2/repository/org/glassfish/jaxb/jaxb-runtime/2.3.2/istack-commons-runtime-3.0.8.jar,file:/home/norbi/.m2/repository/org/glassfish/jaxb/jaxb-runtime/2.3.2/stax-ex-1.8.1.jar,file:/home/norbi/.m2/repository/org/glassfish/jaxb/jaxb-runtime/2.3.2/FastInfoset-1.2.16.jar,file:/home/norbi/.m2/repository/org/glassfish/jaxb/jaxb-runtime/2.3.2/jakarta.activation-api-1.2.1.jar
2019-12-08 16:59:12.495  INFO 2587 --- [restartedMain] .e.DevToolsPropertyDefaultsPostProcessor : Devtools property defaults active! Set 'spring.devtools.add-properties' to 'false' to disable
2019-12-08 16:59:12.495  INFO 2587 --- [restartedMain] .e.DevToolsPropertyDefaultsPostProcessor : For additional web related logging consider setting the 'logging.level.web' property to 'DEBUG'
2019-12-08 16:59:13.384  INFO 2587 --- [restartedMain] .s.d.r.c.RepositoryConfigurationDelegate : Bootstrapping Spring Data repositories in DEFAULT mode.
2019-12-08 16:59:13.414  INFO 2587 --- [restartedMain] .s.d.r.c.RepositoryConfigurationDelegate : Finished Spring Data repository scanning in 17ms. Found 0 repository interfaces.
2019-12-08 16:59:13.859  INFO 2587 --- [restartedMain] trationDelegate$BeanPostProcessorChecker : Bean 'org.springframework.transaction.annotation.ProxyTransactionManagementConfiguration' of type [org.springframework.transaction.annotation.ProxyTransactionManagementConfiguration] is not eligible for getting processed by all BeanPostProcessors (for example: not eligible for auto-proxying)
2019-12-08 16:59:14.326  INFO 2587 --- [restartedMain] o.s.b.w.embedded.tomcat.TomcatWebServer  : Tomcat initialized with port(s): 9091 (http)
2019-12-08 16:59:14.341  INFO 2587 --- [restartedMain] o.apache.catalina.core.StandardService   : Starting service [Tomcat]
2019-12-08 16:59:14.342  INFO 2587 --- [restartedMain] org.apache.catalina.core.StandardEngine  : Starting Servlet engine: [Apache Tomcat/9.0.27]
2019-12-08 16:59:14.752  INFO 2587 --- [restartedMain] org.apache.jasper.servlet.TldScanner     : At least one JAR was scanned for TLDs yet contained no TLDs. Enable debug logging for this logger for a complete list of JARs that were scanned but no TLDs were found in them. Skipping unneeded JARs during scanning can improve startup time and JSP compilation time.
2019-12-08 16:59:14.775  INFO 2587 --- [restartedMain] o.a.c.c.C.[Tomcat].[localhost].[/]       : Initializing Spring embedded WebApplicationContext
2019-12-08 16:59:14.775  INFO 2587 --- [restartedMain] o.s.web.context.ContextLoader            : Root WebApplicationContext: initialization completed in 2279 ms
2019-12-08 16:59:14.848  INFO 2587 --- [restartedMain] com.zaxxer.hikari.HikariDataSource       : HikariPool-1 - Starting...
2019-12-08 16:59:15.042  INFO 2587 --- [restartedMain] com.zaxxer.hikari.HikariDataSource       : HikariPool-1 - Start completed.
2019-12-08 16:59:15.050  INFO 2587 --- [restartedMain] o.s.b.a.h2.H2ConsoleAutoConfiguration    : H2 console available at '/h2'. Database available at 'jdbc:h2:mem:testdb'
2019-12-08 16:59:15.179  INFO 2587 --- [restartedMain] j.e.resource.webcontainer.jsf.config     : Initializing Mojarra 2.2.20 ( 20190731-0757 59754ac80c05d61848a08939ddd11a324f2345ac) for context ''
2019-12-08 16:59:15.409  INFO 2587 --- [restartedMain] j.e.r.webcontainer.jsf.application       : JSF1048: PostConstruct/PreDestroy annotations present.  ManagedBeans methods marked with these annotations will have said annotations processed.
2019-12-08 16:59:16.381  INFO 2587 --- [restartedMain] .w.PostConstructApplicationEventListener : Running on PrimeFaces 7.0
2019-12-08 16:59:16.382  INFO 2587 --- [restartedMain] .a.PostConstructApplicationEventListener : Running on PrimeFaces Extensions 7.0.2
2019-12-08 16:59:16.500  INFO 2587 --- [restartedMain] o.hibernate.jpa.internal.util.LogHelper  : HHH000204: Processing PersistenceUnitInfo [name: default]
2019-12-08 16:59:16.599  INFO 2587 --- [restartedMain] org.hibernate.Version                    : HHH000412: Hibernate Core {5.4.6.Final}
2019-12-08 16:59:16.787  INFO 2587 --- [restartedMain] o.hibernate.annotations.common.Version   : HCANN000001: Hibernate Commons Annotations {5.1.0.Final}
2019-12-08 16:59:16.920  INFO 2587 --- [restartedMain] org.hibernate.dialect.Dialect            : HHH000400: Using dialect: org.hibernate.dialect.H2Dialect
2019-12-08 16:59:17.197  INFO 2587 --- [restartedMain] o.h.e.t.j.p.i.JtaPlatformInitiator       : HHH000490: Using JtaPlatform implementation: [org.hibernate.engine.transaction.jta.platform.internal.NoJtaPlatform]
2019-12-08 16:59:17.203  INFO 2587 --- [restartedMain] j.LocalContainerEntityManagerFactoryBean : Initialized JPA EntityManagerFactory for persistence unit 'default'
2019-12-08 16:59:17.218  INFO 2587 --- [restartedMain] o.s.b.d.a.OptionalLiveReloadServer       : LiveReload server is running on port 35729
2019-12-08 16:59:17.679  WARN 2587 --- [restartedMain] JpaBaseConfiguration$JpaWebConfiguration : spring.jpa.open-in-view is enabled by default. Therefore, database queries may be performed during view rendering. Explicitly configure spring.jpa.open-in-view to disable this warning
2019-12-08 16:59:17.830  INFO 2587 --- [restartedMain] o.s.s.concurrent.ThreadPoolTaskExecutor  : Initializing ExecutorService 'applicationTaskExecutor'
2019-12-08 16:59:18.171  INFO 2587 --- [restartedMain] o.s.b.w.embedded.tomcat.TomcatWebServer  : Tomcat started on port(s): 9091 (http) with context path ''
2019-12-08 16:59:18.175  INFO 2587 --- [restartedMain] com.example.demo.DemoApplication         : Started DemoApplication in 6.351 seconds (JVM running for 11.19)
2019-12-08 17:00:04.544  INFO 2587 --- [SpringContextShutdownHook] o.s.s.concurrent.ThreadPoolTaskExecutor  : Shutting down ExecutorService 'applicationTaskExecutor'
2019-12-08 17:00:04.548  INFO 2587 --- [SpringContextShutdownHook] j.LocalContainerEntityManagerFactoryBean : Closing JPA EntityManagerFactory for persistence unit 'default'
2019-12-08 17:00:04.549  INFO 2587 --- [SpringContextShutdownHook] .SchemaDropperImpl$DelayedDropActionImpl : HHH000477: Starting delayed evictData of schema as part of SessionFactory shut-down'
2019-12-08 17:00:04.569  WARN 2587 --- [SpringContextShutdownHook] o.s.b.f.support.DisposableBeanAdapter    : Invocation of destroy method failed on bean with name 'inMemoryDatabaseShutdownExecutor': org.h2.jdbc.JdbcSQLNonTransientConnectionException: Database is already closed (to disable automatic closing at VM shutdown, add ";DB_CLOSE_ON_EXIT=FALSE" to the db URL) [90121-199]
2019-12-08 17:00:04.569  INFO 2587 --- [SpringContextShutdownHook] com.zaxxer.hikari.HikariDataSource       : HikariPool-1 - Shutdown initiated...
2019-12-08 17:00:04.572  INFO 2587 --- [SpringContextShutdownHook] com.zaxxer.hikari.HikariDataSource       : HikariPool-1 - Shutdown completed.
2019-12-08 17:00:14.239  INFO 2715 --- [restartedMain] com.example.demo.DemoApplication         : Starting DemoApplication on norbi-pc with PID 2715 (/home/norbi/projekt-demo/demo/src/main/webapp/WEB-INF/classes started by norbi in /home/norbi/projekt-demo/demo)
2019-12-08 17:00:14.246  INFO 2715 --- [restartedMain] com.example.demo.DemoApplication         : The following profiles are active: dev
2019-12-08 17:00:14.357  INFO 2715 --- [restartedMain] o.s.b.devtools.restart.ChangeableUrls    : The Class-Path manifest attribute in /home/norbi/.m2/repository/org/glassfish/jaxb/jaxb-runtime/2.3.2/jaxb-runtime-2.3.2.jar referenced one or more files that do not exist: file:/home/norbi/.m2/repository/org/glassfish/jaxb/jaxb-runtime/2.3.2/jakarta.xml.bind-api-2.3.2.jar,file:/home/norbi/.m2/repository/org/glassfish/jaxb/jaxb-runtime/2.3.2/txw2-2.3.2.jar,file:/home/norbi/.m2/repository/org/glassfish/jaxb/jaxb-runtime/2.3.2/istack-commons-runtime-3.0.8.jar,file:/home/norbi/.m2/repository/org/glassfish/jaxb/jaxb-runtime/2.3.2/stax-ex-1.8.1.jar,file:/home/norbi/.m2/repository/org/glassfish/jaxb/jaxb-runtime/2.3.2/FastInfoset-1.2.16.jar,file:/home/norbi/.m2/repository/org/glassfish/jaxb/jaxb-runtime/2.3.2/jakarta.activation-api-1.2.1.jar
2019-12-08 17:00:14.358  INFO 2715 --- [restartedMain] .e.DevToolsPropertyDefaultsPostProcessor : Devtools property defaults active! Set 'spring.devtools.add-properties' to 'false' to disable
2019-12-08 17:00:14.359  INFO 2715 --- [restartedMain] .e.DevToolsPropertyDefaultsPostProcessor : For additional web related logging consider setting the 'logging.level.web' property to 'DEBUG'
2019-12-08 17:00:15.384  INFO 2715 --- [restartedMain] .s.d.r.c.RepositoryConfigurationDelegate : Bootstrapping Spring Data repositories in DEFAULT mode.
2019-12-08 17:00:15.417  INFO 2715 --- [restartedMain] .s.d.r.c.RepositoryConfigurationDelegate : Finished Spring Data repository scanning in 20ms. Found 0 repository interfaces.
2019-12-08 17:00:15.967  INFO 2715 --- [restartedMain] trationDelegate$BeanPostProcessorChecker : Bean 'org.springframework.transaction.annotation.ProxyTransactionManagementConfiguration' of type [org.springframework.transaction.annotation.ProxyTransactionManagementConfiguration] is not eligible for getting processed by all BeanPostProcessors (for example: not eligible for auto-proxying)
2019-12-08 17:00:16.465  INFO 2715 --- [restartedMain] o.s.b.w.embedded.tomcat.TomcatWebServer  : Tomcat initialized with port(s): 9091 (http)
2019-12-08 17:00:16.480  INFO 2715 --- [restartedMain] o.apache.catalina.core.StandardService   : Starting service [Tomcat]
2019-12-08 17:00:16.480  INFO 2715 --- [restartedMain] org.apache.catalina.core.StandardEngine  : Starting Servlet engine: [Apache Tomcat/9.0.27]
2019-12-08 17:00:16.889  INFO 2715 --- [restartedMain] org.apache.jasper.servlet.TldScanner     : At least one JAR was scanned for TLDs yet contained no TLDs. Enable debug logging for this logger for a complete list of JARs that were scanned but no TLDs were found in them. Skipping unneeded JARs during scanning can improve startup time and JSP compilation time.
2019-12-08 17:00:16.906  INFO 2715 --- [restartedMain] o.a.c.c.C.[Tomcat].[localhost].[/]       : Initializing Spring embedded WebApplicationContext
2019-12-08 17:00:16.906  INFO 2715 --- [restartedMain] o.s.web.context.ContextLoader            : Root WebApplicationContext: initialization completed in 2547 ms
2019-12-08 17:00:16.976  INFO 2715 --- [restartedMain] com.zaxxer.hikari.HikariDataSource       : HikariPool-1 - Starting...
2019-12-08 17:00:17.192  INFO 2715 --- [restartedMain] com.zaxxer.hikari.HikariDataSource       : HikariPool-1 - Start completed.
2019-12-08 17:00:17.199  INFO 2715 --- [restartedMain] o.s.b.a.h2.H2ConsoleAutoConfiguration    : H2 console available at '/h2'. Database available at 'jdbc:h2:mem:testdb'
2019-12-08 17:00:17.310  INFO 2715 --- [restartedMain] j.e.resource.webcontainer.jsf.config     : Initializing Mojarra 2.2.20 ( 20190731-0757 59754ac80c05d61848a08939ddd11a324f2345ac) for context ''
2019-12-08 17:00:17.617  INFO 2715 --- [restartedMain] j.e.r.webcontainer.jsf.application       : JSF1048: PostConstruct/PreDestroy annotations present.  ManagedBeans methods marked with these annotations will have said annotations processed.
2019-12-08 17:00:18.667  INFO 2715 --- [restartedMain] .w.PostConstructApplicationEventListener : Running on PrimeFaces 7.0
2019-12-08 17:00:18.668  INFO 2715 --- [restartedMain] .a.PostConstructApplicationEventListener : Running on PrimeFaces Extensions 7.0.2
2019-12-08 17:00:18.835  INFO 2715 --- [restartedMain] o.hibernate.jpa.internal.util.LogHelper  : HHH000204: Processing PersistenceUnitInfo [name: default]
2019-12-08 17:00:18.911  INFO 2715 --- [restartedMain] org.hibernate.Version                    : HHH000412: Hibernate Core {5.4.6.Final}
2019-12-08 17:00:19.111  INFO 2715 --- [restartedMain] o.hibernate.annotations.common.Version   : HCANN000001: Hibernate Commons Annotations {5.1.0.Final}
2019-12-08 17:00:19.280  INFO 2715 --- [restartedMain] org.hibernate.dialect.Dialect            : HHH000400: Using dialect: org.hibernate.dialect.H2Dialect
2019-12-08 17:00:19.626  INFO 2715 --- [restartedMain] o.h.e.t.j.p.i.JtaPlatformInitiator       : HHH000490: Using JtaPlatform implementation: [org.hibernate.engine.transaction.jta.platform.internal.NoJtaPlatform]
2019-12-08 17:00:19.634  INFO 2715 --- [restartedMain] j.LocalContainerEntityManagerFactoryBean : Initialized JPA EntityManagerFactory for persistence unit 'default'
2019-12-08 17:00:19.654  INFO 2715 --- [restartedMain] o.s.b.d.a.OptionalLiveReloadServer       : LiveReload server is running on port 35729
2019-12-08 17:00:20.086  WARN 2715 --- [restartedMain] JpaBaseConfiguration$JpaWebConfiguration : spring.jpa.open-in-view is enabled by default. Therefore, database queries may be performed during view rendering. Explicitly configure spring.jpa.open-in-view to disable this warning
2019-12-08 17:00:20.392  INFO 2715 --- [restartedMain] o.s.s.concurrent.ThreadPoolTaskExecutor  : Initializing ExecutorService 'applicationTaskExecutor'
2019-12-08 17:00:20.854  INFO 2715 --- [restartedMain] o.s.b.w.embedded.tomcat.TomcatWebServer  : Tomcat started on port(s): 9091 (http) with context path ''
2019-12-08 17:00:20.857  INFO 2715 --- [restartedMain] com.example.demo.DemoApplication         : Started DemoApplication in 7.224 seconds (JVM running for 12.281)
2019-12-08 17:00:36.667  INFO 2715 --- [http-nio-9091-exec-3] o.a.c.c.C.[Tomcat].[localhost].[/]       : Initializing Spring DispatcherServlet 'dispatcherServlet'
2019-12-08 17:00:36.667  INFO 2715 --- [http-nio-9091-exec-3] o.s.web.servlet.DispatcherServlet        : Initializing Servlet 'dispatcherServlet'
2019-12-08 17:00:36.683  INFO 2715 --- [http-nio-9091-exec-3] o.s.web.servlet.DispatcherServlet        : Completed initialization in 15 ms
2019-12-08 17:06:52.459  INFO 2715 --- [SpringContextShutdownHook] o.s.s.concurrent.ThreadPoolTaskExecutor  : Shutting down ExecutorService 'applicationTaskExecutor'
2019-12-08 17:06:52.462  INFO 2715 --- [SpringContextShutdownHook] j.LocalContainerEntityManagerFactoryBean : Closing JPA EntityManagerFactory for persistence unit 'default'
2019-12-08 17:06:52.463  INFO 2715 --- [SpringContextShutdownHook] .SchemaDropperImpl$DelayedDropActionImpl : HHH000477: Starting delayed evictData of schema as part of SessionFactory shut-down'
2019-12-08 17:06:52.483  WARN 2715 --- [SpringContextShutdownHook] o.s.b.f.support.DisposableBeanAdapter    : Invocation of destroy method failed on bean with name 'inMemoryDatabaseShutdownExecutor': org.h2.jdbc.JdbcSQLNonTransientConnectionException: Database is already closed (to disable automatic closing at VM shutdown, add ";DB_CLOSE_ON_EXIT=FALSE" to the db URL) [90121-199]
2019-12-08 17:06:52.484  INFO 2715 --- [SpringContextShutdownHook] com.zaxxer.hikari.HikariDataSource       : HikariPool-1 - Shutdown initiated...
2019-12-08 17:06:52.488  INFO 2715 --- [SpringContextShutdownHook] com.zaxxer.hikari.HikariDataSource       : HikariPool-1 - Shutdown completed.
2019-12-08 17:07:08.867  INFO 2934 --- [restartedMain] com.example.demo.DemoApplication         : Starting DemoApplication on norbi-pc with PID 2934 (/home/norbi/projekt-demo/demo/src/main/webapp/WEB-INF/classes started by norbi in /home/norbi/projekt-demo/demo)
2019-12-08 17:07:08.869  INFO 2934 --- [restartedMain] com.example.demo.DemoApplication         : The following profiles are active: dev
2019-12-08 17:07:08.941  INFO 2934 --- [restartedMain] o.s.b.devtools.restart.ChangeableUrls    : The Class-Path manifest attribute in /home/norbi/.m2/repository/org/glassfish/jaxb/jaxb-runtime/2.3.2/jaxb-runtime-2.3.2.jar referenced one or more files that do not exist: file:/home/norbi/.m2/repository/org/glassfish/jaxb/jaxb-runtime/2.3.2/jakarta.xml.bind-api-2.3.2.jar,file:/home/norbi/.m2/repository/org/glassfish/jaxb/jaxb-runtime/2.3.2/txw2-2.3.2.jar,file:/home/norbi/.m2/repository/org/glassfish/jaxb/jaxb-runtime/2.3.2/istack-commons-runtime-3.0.8.jar,file:/home/norbi/.m2/repository/org/glassfish/jaxb/jaxb-runtime/2.3.2/stax-ex-1.8.1.jar,file:/home/norbi/.m2/repository/org/glassfish/jaxb/jaxb-runtime/2.3.2/FastInfoset-1.2.16.jar,file:/home/norbi/.m2/repository/org/glassfish/jaxb/jaxb-runtime/2.3.2/jakarta.activation-api-1.2.1.jar
2019-12-08 17:07:08.942  INFO 2934 --- [restartedMain] .e.DevToolsPropertyDefaultsPostProcessor : Devtools property defaults active! Set 'spring.devtools.add-properties' to 'false' to disable
2019-12-08 17:07:08.944  INFO 2934 --- [restartedMain] .e.DevToolsPropertyDefaultsPostProcessor : For additional web related logging consider setting the 'logging.level.web' property to 'DEBUG'
2019-12-08 17:07:09.777  INFO 2934 --- [restartedMain] .s.d.r.c.RepositoryConfigurationDelegate : Bootstrapping Spring Data repositories in DEFAULT mode.
2019-12-08 17:07:09.808  INFO 2934 --- [restartedMain] .s.d.r.c.RepositoryConfigurationDelegate : Finished Spring Data repository scanning in 20ms. Found 0 repository interfaces.
2019-12-08 17:07:10.259  INFO 2934 --- [restartedMain] trationDelegate$BeanPostProcessorChecker : Bean 'org.springframework.transaction.annotation.ProxyTransactionManagementConfiguration' of type [org.springframework.transaction.annotation.ProxyTransactionManagementConfiguration] is not eligible for getting processed by all BeanPostProcessors (for example: not eligible for auto-proxying)
2019-12-08 17:07:10.688  INFO 2934 --- [restartedMain] o.s.b.w.embedded.tomcat.TomcatWebServer  : Tomcat initialized with port(s): 9091 (http)
2019-12-08 17:07:10.701  INFO 2934 --- [restartedMain] o.apache.catalina.core.StandardService   : Starting service [Tomcat]
2019-12-08 17:07:10.702  INFO 2934 --- [restartedMain] org.apache.catalina.core.StandardEngine  : Starting Servlet engine: [Apache Tomcat/9.0.27]
2019-12-08 17:07:11.033  INFO 2934 --- [restartedMain] org.apache.jasper.servlet.TldScanner     : At least one JAR was scanned for TLDs yet contained no TLDs. Enable debug logging for this logger for a complete list of JARs that were scanned but no TLDs were found in them. Skipping unneeded JARs during scanning can improve startup time and JSP compilation time.
2019-12-08 17:07:11.052  INFO 2934 --- [restartedMain] o.a.c.c.C.[Tomcat].[localhost].[/]       : Initializing Spring embedded WebApplicationContext
2019-12-08 17:07:11.053  INFO 2934 --- [restartedMain] o.s.web.context.ContextLoader            : Root WebApplicationContext: initialization completed in 2108 ms
2019-12-08 17:07:11.129  INFO 2934 --- [restartedMain] com.zaxxer.hikari.HikariDataSource       : HikariPool-1 - Starting...
2019-12-08 17:07:11.293  INFO 2934 --- [restartedMain] com.zaxxer.hikari.HikariDataSource       : HikariPool-1 - Start completed.
2019-12-08 17:07:11.299  INFO 2934 --- [restartedMain] o.s.b.a.h2.H2ConsoleAutoConfiguration    : H2 console available at '/h2'. Database available at 'jdbc:h2:mem:testdb'
2019-12-08 17:07:11.436  INFO 2934 --- [restartedMain] j.e.resource.webcontainer.jsf.config     : Initializing Mojarra 2.2.20 ( 20190731-0757 59754ac80c05d61848a08939ddd11a324f2345ac) for context ''
2019-12-08 17:07:11.637  INFO 2934 --- [restartedMain] j.e.r.webcontainer.jsf.application       : JSF1048: PostConstruct/PreDestroy annotations present.  ManagedBeans methods marked with these annotations will have said annotations processed.
2019-12-08 17:07:12.462  INFO 2934 --- [restartedMain] .w.PostConstructApplicationEventListener : Running on PrimeFaces 7.0
2019-12-08 17:07:12.463  INFO 2934 --- [restartedMain] .a.PostConstructApplicationEventListener : Running on PrimeFaces Extensions 7.0.2
2019-12-08 17:07:12.591  INFO 2934 --- [restartedMain] o.hibernate.jpa.internal.util.LogHelper  : HHH000204: Processing PersistenceUnitInfo [name: default]
2019-12-08 17:07:12.642  INFO 2934 --- [restartedMain] org.hibernate.Version                    : HHH000412: Hibernate Core {5.4.6.Final}
2019-12-08 17:07:12.765  INFO 2934 --- [restartedMain] o.hibernate.annotations.common.Version   : HCANN000001: Hibernate Commons Annotations {5.1.0.Final}
2019-12-08 17:07:12.865  INFO 2934 --- [restartedMain] org.hibernate.dialect.Dialect            : HHH000400: Using dialect: org.hibernate.dialect.H2Dialect
2019-12-08 17:07:13.085  INFO 2934 --- [restartedMain] o.h.e.t.j.p.i.JtaPlatformInitiator       : HHH000490: Using JtaPlatform implementation: [org.hibernate.engine.transaction.jta.platform.internal.NoJtaPlatform]
2019-12-08 17:07:13.090  INFO 2934 --- [restartedMain] j.LocalContainerEntityManagerFactoryBean : Initialized JPA EntityManagerFactory for persistence unit 'default'
2019-12-08 17:07:13.103  INFO 2934 --- [restartedMain] o.s.b.d.a.OptionalLiveReloadServer       : LiveReload server is running on port 35729
2019-12-08 17:07:13.476  WARN 2934 --- [restartedMain] JpaBaseConfiguration$JpaWebConfiguration : spring.jpa.open-in-view is enabled by default. Therefore, database queries may be performed during view rendering. Explicitly configure spring.jpa.open-in-view to disable this warning
2019-12-08 17:07:13.613  INFO 2934 --- [restartedMain] o.s.s.concurrent.ThreadPoolTaskExecutor  : Initializing ExecutorService 'applicationTaskExecutor'
2019-12-08 17:07:13.875  INFO 2934 --- [restartedMain] o.s.b.w.embedded.tomcat.TomcatWebServer  : Tomcat started on port(s): 9091 (http) with context path ''
2019-12-08 17:07:13.877  INFO 2934 --- [restartedMain] com.example.demo.DemoApplication         : Started DemoApplication in 5.567 seconds (JVM running for 10.265)
2019-12-08 17:07:49.027 ERROR 2934 --- [http-nio-9091-exec-1] j.e.r.webcontainer.jsf.application       : Error Rendering View[/view/character.xhtml]

javax.el.ELException: /view/character.xhtml @28,95 value="#{characterView.getLevel()}": java.lang.IndexOutOfBoundsException: Index 0 out of bounds for length 0
	at com.sun.faces.facelets.el.TagValueExpression.getValue(TagValueExpression.java:114) ~[jsf-impl-2.2.20.jar:2.2.20]
	at javax.faces.component.ComponentStateHelper.eval(ComponentStateHelper.java:194) ~[jsf-api-2.2.20.jar:2.2]
	at javax.faces.component.ComponentStateHelper.eval(ComponentStateHelper.java:182) ~[jsf-api-2.2.20.jar:2.2]
	at javax.faces.component.UIOutput.getValue(UIOutput.java:174) ~[jsf-api-2.2.20.jar:2.2]
	at com.sun.faces.renderkit.html_basic.HtmlBasicInputRenderer.getValue(HtmlBasicInputRenderer.java:205) ~[jsf-impl-2.2.20.jar:2.2.20]
	at com.sun.faces.renderkit.html_basic.HtmlBasicRenderer.getCurrentValue(HtmlBasicRenderer.java:355) ~[jsf-impl-2.2.20.jar:2.2.20]
	at com.sun.faces.renderkit.html_basic.HtmlBasicRenderer.encodeEnd(HtmlBasicRenderer.java:164) ~[jsf-impl-2.2.20.jar:2.2.20]
	at javax.faces.component.UIComponentBase.encodeEnd(UIComponentBase.java:920) ~[jsf-api-2.2.20.jar:2.2]
	at org.primefaces.renderkit.CoreRenderer.renderChild(CoreRenderer.java:87) ~[primefaces-7.0.jar:7.0]
	at org.primefaces.renderkit.CoreRenderer.renderChildren(CoreRenderer.java:69) ~[primefaces-7.0.jar:7.0]
	at org.primefaces.component.panelgrid.PanelGridRenderer.encodeRow(PanelGridRenderer.java:232) ~[primefaces-7.0.jar:7.0]
	at org.primefaces.component.panelgrid.PanelGridRenderer.encodeStaticBody(PanelGridRenderer.java:179) ~[primefaces-7.0.jar:7.0]
	at org.primefaces.component.panelgrid.PanelGridRenderer.encodeTableBody(PanelGridRenderer.java:115) ~[primefaces-7.0.jar:7.0]
	at org.primefaces.component.panelgrid.PanelGridRenderer.encodeTableLayout(PanelGridRenderer.java:75) ~[primefaces-7.0.jar:7.0]
	at org.primefaces.component.panelgrid.PanelGridRenderer.encodeEnd(PanelGridRenderer.java:47) ~[primefaces-7.0.jar:7.0]
	at javax.faces.component.UIComponentBase.encodeEnd(UIComponentBase.java:920) ~[jsf-api-2.2.20.jar:2.2]
	at org.primefaces.renderkit.CoreRenderer.renderChild(CoreRenderer.java:87) ~[primefaces-7.0.jar:7.0]
	at org.primefaces.renderkit.CoreRenderer.renderChildren(CoreRenderer.java:69) ~[primefaces-7.0.jar:7.0]
	at org.primefaces.component.outputpanel.OutputPanelRenderer.encodeMarkup(OutputPanelRenderer.java:74) ~[primefaces-7.0.jar:7.0]
	at org.primefaces.component.outputpanel.OutputPanelRenderer.encodeEnd(OutputPanelRenderer.java:48) ~[primefaces-7.0.jar:7.0]
	at javax.faces.component.UIComponentBase.encodeEnd(UIComponentBase.java:920) ~[jsf-api-2.2.20.jar:2.2]
	at javax.faces.component.UIComponent.encodeAll(UIComponent.java:1863) ~[jsf-api-2.2.20.jar:2.2]
	at javax.faces.render.Renderer.encodeChildren(Renderer.java:176) ~[jsf-api-2.2.20.jar:2.2]
	at javax.faces.component.UIComponentBase.encodeChildren(UIComponentBase.java:890) ~[jsf-api-2.2.20.jar:2.2]
	at org.primefaces.renderkit.CoreRenderer.renderChild(CoreRenderer.java:82) ~[primefaces-7.0.jar:7.0]
	at org.primefaces.renderkit.CoreRenderer.renderChildren(CoreRenderer.java:69) ~[primefaces-7.0.jar:7.0]
	at org.primefaces.component.layout.LayoutUnitRenderer.encodeEnd(LayoutUnitRenderer.java:60) ~[primefaces-7.0.jar:7.0]
	at javax.faces.component.UIComponentBase.encodeEnd(UIComponentBase.java:920) ~[jsf-api-2.2.20.jar:2.2]
	at javax.faces.component.UIComponent.encodeAll(UIComponent.java:1863) ~[jsf-api-2.2.20.jar:2.2]
	at javax.faces.component.UIComponent.encodeAll(UIComponent.java:1859) ~[jsf-api-2.2.20.jar:2.2]
	at javax.faces.component.UIComponent.encodeAll(UIComponent.java:1859) ~[jsf-api-2.2.20.jar:2.2]
	at javax.faces.component.UIComponent.encodeAll(UIComponent.java:1859) ~[jsf-api-2.2.20.jar:2.2]
	at com.sun.faces.application.view.FaceletViewHandlingStrategy.renderView(FaceletViewHandlingStrategy.java:456) ~[jsf-impl-2.2.20.jar:2.2.20]
	at com.sun.faces.application.view.MultiViewHandler.renderView(MultiViewHandler.java:134) ~[jsf-impl-2.2.20.jar:2.2.20]
	at com.sun.faces.lifecycle.RenderResponsePhase.execute(RenderResponsePhase.java:120) ~[jsf-impl-2.2.20.jar:2.2.20]
	at com.sun.faces.lifecycle.Phase.doPhase(Phase.java:101) ~[jsf-impl-2.2.20.jar:2.2.20]
	at com.sun.faces.lifecycle.LifecycleImpl.render(LifecycleImpl.java:219) ~[jsf-impl-2.2.20.jar:2.2.20]
	at javax.faces.webapp.FacesServlet.service(FacesServlet.java:659) ~[jsf-api-2.2.20.jar:2.2]
	at org.apache.catalina.core.ApplicationFilterChain.internalDoFilter(ApplicationFilterChain.java:231) ~[tomcat-embed-core-9.0.27.jar:9.0.27]
	at org.apache.catalina.core.ApplicationFilterChain.doFilter(ApplicationFilterChain.java:166) ~[tomcat-embed-core-9.0.27.jar:9.0.27]
	at org.apache.tomcat.websocket.server.WsFilter.doFilter(WsFilter.java:53) ~[tomcat-embed-websocket-9.0.27.jar:9.0.27]
	at org.apache.catalina.core.ApplicationFilterChain.internalDoFilter(ApplicationFilterChain.java:193) ~[tomcat-embed-core-9.0.27.jar:9.0.27]
	at org.apache.catalina.core.ApplicationFilterChain.doFilter(ApplicationFilterChain.java:166) ~[tomcat-embed-core-9.0.27.jar:9.0.27]
	at org.springframework.web.filter.RequestContextFilter.doFilterInternal(RequestContextFilter.java:100) ~[spring-web-5.2.0.RELEASE.jar:5.2.0.RELEASE]
	at org.springframework.web.filter.OncePerRequestFilter.doFilter(OncePerRequestFilter.java:119) ~[spring-web-5.2.0.RELEASE.jar:5.2.0.RELEASE]
	at org.apache.catalina.core.ApplicationFilterChain.internalDoFilter(ApplicationFilterChain.java:193) ~[tomcat-embed-core-9.0.27.jar:9.0.27]
	at org.apache.catalina.core.ApplicationFilterChain.doFilter(ApplicationFilterChain.java:166) ~[tomcat-embed-core-9.0.27.jar:9.0.27]
	at org.springframework.web.filter.FormContentFilter.doFilterInternal(FormContentFilter.java:93) ~[spring-web-5.2.0.RELEASE.jar:5.2.0.RELEASE]
	at org.springframework.web.filter.OncePerRequestFilter.doFilter(OncePerRequestFilter.java:119) ~[spring-web-5.2.0.RELEASE.jar:5.2.0.RELEASE]
	at org.apache.catalina.core.ApplicationFilterChain.internalDoFilter(ApplicationFilterChain.java:193) ~[tomcat-embed-core-9.0.27.jar:9.0.27]
	at org.apache.catalina.core.ApplicationFilterChain.doFilter(ApplicationFilterChain.java:166) ~[tomcat-embed-core-9.0.27.jar:9.0.27]
	at org.springframework.web.filter.CharacterEncodingFilter.doFilterInternal(CharacterEncodingFilter.java:201) ~[spring-web-5.2.0.RELEASE.jar:5.2.0.RELEASE]
	at org.springframework.web.filter.OncePerRequestFilter.doFilter(OncePerRequestFilter.java:119) ~[spring-web-5.2.0.RELEASE.jar:5.2.0.RELEASE]
	at org.apache.catalina.core.ApplicationFilterChain.internalDoFilter(ApplicationFilterChain.java:193) ~[tomcat-embed-core-9.0.27.jar:9.0.27]
	at org.apache.catalina.core.ApplicationFilterChain.doFilter(ApplicationFilterChain.java:166) ~[tomcat-embed-core-9.0.27.jar:9.0.27]
	at org.apache.catalina.core.StandardWrapperValve.invoke(StandardWrapperValve.java:202) ~[tomcat-embed-core-9.0.27.jar:9.0.27]
	at org.apache.catalina.core.StandardContextValve.invoke(StandardContextValve.java:96) ~[tomcat-embed-core-9.0.27.jar:9.0.27]
	at org.apache.catalina.authenticator.AuthenticatorBase.invoke(AuthenticatorBase.java:526) ~[tomcat-embed-core-9.0.27.jar:9.0.27]
	at org.apache.catalina.core.StandardHostValve.invoke(StandardHostValve.java:139) ~[tomcat-embed-core-9.0.27.jar:9.0.27]
	at org.apache.catalina.valves.ErrorReportValve.invoke(ErrorReportValve.java:92) ~[tomcat-embed-core-9.0.27.jar:9.0.27]
	at org.apache.catalina.core.StandardEngineValve.invoke(StandardEngineValve.java:74) ~[tomcat-embed-core-9.0.27.jar:9.0.27]
	at org.apache.catalina.connector.CoyoteAdapter.service(CoyoteAdapter.java:343) ~[tomcat-embed-core-9.0.27.jar:9.0.27]
	at org.apache.coyote.http11.Http11Processor.service(Http11Processor.java:408) ~[tomcat-embed-core-9.0.27.jar:9.0.27]
	at org.apache.coyote.AbstractProcessorLight.process(AbstractProcessorLight.java:66) ~[tomcat-embed-core-9.0.27.jar:9.0.27]
	at org.apache.coyote.AbstractProtocol$ConnectionHandler.process(AbstractProtocol.java:861) ~[tomcat-embed-core-9.0.27.jar:9.0.27]
	at org.apache.tomcat.util.net.NioEndpoint$SocketProcessor.doRun(NioEndpoint.java:1579) ~[tomcat-embed-core-9.0.27.jar:9.0.27]
	at org.apache.tomcat.util.net.SocketProcessorBase.run(SocketProcessorBase.java:49) ~[tomcat-embed-core-9.0.27.jar:9.0.27]
	at java.base/java.util.concurrent.ThreadPoolExecutor.runWorker(ThreadPoolExecutor.java:1128) ~[na:na]
	at java.base/java.util.concurrent.ThreadPoolExecutor$Worker.run(ThreadPoolExecutor.java:628) ~[na:na]
	at org.apache.tomcat.util.threads.TaskThread$WrappingRunnable.run(TaskThread.java:61) ~[tomcat-embed-core-9.0.27.jar:9.0.27]
	at java.base/java.lang.Thread.run(Thread.java:834) ~[na:na]
Caused by: javax.el.ELException: java.lang.IndexOutOfBoundsException: Index 0 out of bounds for length 0
	at javax.el.BeanELResolver.invoke(BeanELResolver.java:164) ~[tomcat-embed-el-9.0.27.jar:9.0.27]
	at javax.el.CompositeELResolver.invoke(CompositeELResolver.java:79) ~[tomcat-embed-el-9.0.27.jar:9.0.27]
	at org.apache.el.parser.AstValue.getValue(AstValue.java:159) ~[tomcat-embed-el-9.0.27.jar:9.0.27]
	at org.apache.el.ValueExpressionImpl.getValue(ValueExpressionImpl.java:190) ~[tomcat-embed-el-9.0.27.jar:9.0.27]
	at com.sun.faces.facelets.el.TagValueExpression.getValue(TagValueExpression.java:109) ~[jsf-impl-2.2.20.jar:2.2.20]
	... 70 common frames omitted
Caused by: java.lang.IndexOutOfBoundsException: Index 0 out of bounds for length 0
	at java.base/jdk.internal.util.Preconditions.outOfBounds(Preconditions.java:64) ~[na:na]
	at java.base/jdk.internal.util.Preconditions.outOfBoundsCheckIndex(Preconditions.java:70) ~[na:na]
	at java.base/jdk.internal.util.Preconditions.checkIndex(Preconditions.java:248) ~[na:na]
	at java.base/java.util.Objects.checkIndex(Objects.java:372) ~[na:na]
	at java.base/java.util.ArrayList.get(ArrayList.java:458) ~[na:na]
	at com.example.demo.view.CharacterView.getDex(CharacterView.java:46) ~[classes/:na]
	at com.example.demo.view.CharacterView.getExp(CharacterView.java:31) ~[classes/:na]
	at com.example.demo.view.CharacterView.getLevel(CharacterView.java:107) ~[classes/:na]
	at java.base/jdk.internal.reflect.NativeMethodAccessorImpl.invoke0(Native Method) ~[na:na]
	at java.base/jdk.internal.reflect.NativeMethodAccessorImpl.invoke(NativeMethodAccessorImpl.java:62) ~[na:na]
	at java.base/jdk.internal.reflect.DelegatingMethodAccessorImpl.invoke(DelegatingMethodAccessorImpl.java:43) ~[na:na]
	at java.base/java.lang.reflect.Method.invoke(Method.java:566) ~[na:na]
	at javax.el.BeanELResolver.invoke(BeanELResolver.java:158) ~[tomcat-embed-el-9.0.27.jar:9.0.27]
	... 74 common frames omitted

2019-12-08 17:07:49.035 ERROR 2934 --- [http-nio-9091-exec-1] o.a.c.c.C.[.[.[/].[facesServlet]         : Servlet.service() for servlet [facesServlet] in context with path [] threw exception [Index 0 out of bounds for length 0] with root cause

java.lang.IndexOutOfBoundsException: Index 0 out of bounds for length 0
	at java.base/jdk.internal.util.Preconditions.outOfBounds(Preconditions.java:64) ~[na:na]
	at java.base/jdk.internal.util.Preconditions.outOfBoundsCheckIndex(Preconditions.java:70) ~[na:na]
	at java.base/jdk.internal.util.Preconditions.checkIndex(Preconditions.java:248) ~[na:na]
	at java.base/java.util.Objects.checkIndex(Objects.java:372) ~[na:na]
	at java.base/java.util.ArrayList.get(ArrayList.java:458) ~[na:na]
	at com.example.demo.view.CharacterView.getDex(CharacterView.java:46) ~[classes/:na]
	at com.example.demo.view.CharacterView.getExp(CharacterView.java:31) ~[classes/:na]
	at com.example.demo.view.CharacterView.getLevel(CharacterView.java:107) ~[classes/:na]
	at java.base/jdk.internal.reflect.NativeMethodAccessorImpl.invoke0(Native Method) ~[na:na]
	at java.base/jdk.internal.reflect.NativeMethodAccessorImpl.invoke(NativeMethodAccessorImpl.java:62) ~[na:na]
	at java.base/jdk.internal.reflect.DelegatingMethodAccessorImpl.invoke(DelegatingMethodAccessorImpl.java:43) ~[na:na]
	at java.base/java.lang.reflect.Method.invoke(Method.java:566) ~[na:na]
	at javax.el.BeanELResolver.invoke(BeanELResolver.java:158) ~[tomcat-embed-el-9.0.27.jar:9.0.27]
	at javax.el.CompositeELResolver.invoke(CompositeELResolver.java:79) ~[tomcat-embed-el-9.0.27.jar:9.0.27]
	at org.apache.el.parser.AstValue.getValue(AstValue.java:159) ~[tomcat-embed-el-9.0.27.jar:9.0.27]
	at org.apache.el.ValueExpressionImpl.getValue(ValueExpressionImpl.java:190) ~[tomcat-embed-el-9.0.27.jar:9.0.27]
	at com.sun.faces.facelets.el.TagValueExpression.getValue(TagValueExpression.java:109) ~[jsf-impl-2.2.20.jar:2.2.20]
	at javax.faces.component.ComponentStateHelper.eval(ComponentStateHelper.java:194) ~[jsf-api-2.2.20.jar:2.2]
	at javax.faces.component.ComponentStateHelper.eval(ComponentStateHelper.java:182) ~[jsf-api-2.2.20.jar:2.2]
	at javax.faces.component.UIOutput.getValue(UIOutput.java:174) ~[jsf-api-2.2.20.jar:2.2]
	at com.sun.faces.renderkit.html_basic.HtmlBasicInputRenderer.getValue(HtmlBasicInputRenderer.java:205) ~[jsf-impl-2.2.20.jar:2.2.20]
	at com.sun.faces.renderkit.html_basic.HtmlBasicRenderer.getCurrentValue(HtmlBasicRenderer.java:355) ~[jsf-impl-2.2.20.jar:2.2.20]
	at com.sun.faces.renderkit.html_basic.HtmlBasicRenderer.encodeEnd(HtmlBasicRenderer.java:164) ~[jsf-impl-2.2.20.jar:2.2.20]
	at javax.faces.component.UIComponentBase.encodeEnd(UIComponentBase.java:920) ~[jsf-api-2.2.20.jar:2.2]
	at org.primefaces.renderkit.CoreRenderer.renderChild(CoreRenderer.java:87) ~[primefaces-7.0.jar:7.0]
	at org.primefaces.renderkit.CoreRenderer.renderChildren(CoreRenderer.java:69) ~[primefaces-7.0.jar:7.0]
	at org.primefaces.component.panelgrid.PanelGridRenderer.encodeRow(PanelGridRenderer.java:232) ~[primefaces-7.0.jar:7.0]
	at org.primefaces.component.panelgrid.PanelGridRenderer.encodeStaticBody(PanelGridRenderer.java:179) ~[primefaces-7.0.jar:7.0]
	at org.primefaces.component.panelgrid.PanelGridRenderer.encodeTableBody(PanelGridRenderer.java:115) ~[primefaces-7.0.jar:7.0]
	at org.primefaces.component.panelgrid.PanelGridRenderer.encodeTableLayout(PanelGridRenderer.java:75) ~[primefaces-7.0.jar:7.0]
	at org.primefaces.component.panelgrid.PanelGridRenderer.encodeEnd(PanelGridRenderer.java:47) ~[primefaces-7.0.jar:7.0]
	at javax.faces.component.UIComponentBase.encodeEnd(UIComponentBase.java:920) ~[jsf-api-2.2.20.jar:2.2]
	at org.primefaces.renderkit.CoreRenderer.renderChild(CoreRenderer.java:87) ~[primefaces-7.0.jar:7.0]
	at org.primefaces.renderkit.CoreRenderer.renderChildren(CoreRenderer.java:69) ~[primefaces-7.0.jar:7.0]
	at org.primefaces.component.outputpanel.OutputPanelRenderer.encodeMarkup(OutputPanelRenderer.java:74) ~[primefaces-7.0.jar:7.0]
	at org.primefaces.component.outputpanel.OutputPanelRenderer.encodeEnd(OutputPanelRenderer.java:48) ~[primefaces-7.0.jar:7.0]
	at javax.faces.component.UIComponentBase.encodeEnd(UIComponentBase.java:920) ~[jsf-api-2.2.20.jar:2.2]
	at javax.faces.component.UIComponent.encodeAll(UIComponent.java:1863) ~[jsf-api-2.2.20.jar:2.2]
	at javax.faces.render.Renderer.encodeChildren(Renderer.java:176) ~[jsf-api-2.2.20.jar:2.2]
	at javax.faces.component.UIComponentBase.encodeChildren(UIComponentBase.java:890) ~[jsf-api-2.2.20.jar:2.2]
	at org.primefaces.renderkit.CoreRenderer.renderChild(CoreRenderer.java:82) ~[primefaces-7.0.jar:7.0]
	at org.primefaces.renderkit.CoreRenderer.renderChildren(CoreRenderer.java:69) ~[primefaces-7.0.jar:7.0]
	at org.primefaces.component.layout.LayoutUnitRenderer.encodeEnd(LayoutUnitRenderer.java:60) ~[primefaces-7.0.jar:7.0]
	at javax.faces.component.UIComponentBase.encodeEnd(UIComponentBase.java:920) ~[jsf-api-2.2.20.jar:2.2]
	at javax.faces.component.UIComponent.encodeAll(UIComponent.java:1863) ~[jsf-api-2.2.20.jar:2.2]
	at javax.faces.component.UIComponent.encodeAll(UIComponent.java:1859) ~[jsf-api-2.2.20.jar:2.2]
	at javax.faces.component.UIComponent.encodeAll(UIComponent.java:1859) ~[jsf-api-2.2.20.jar:2.2]
	at javax.faces.component.UIComponent.encodeAll(UIComponent.java:1859) ~[jsf-api-2.2.20.jar:2.2]
	at com.sun.faces.application.view.FaceletViewHandlingStrategy.renderView(FaceletViewHandlingStrategy.java:456) ~[jsf-impl-2.2.20.jar:2.2.20]
	at com.sun.faces.application.view.MultiViewHandler.renderView(MultiViewHandler.java:134) ~[jsf-impl-2.2.20.jar:2.2.20]
	at com.sun.faces.lifecycle.RenderResponsePhase.execute(RenderResponsePhase.java:120) ~[jsf-impl-2.2.20.jar:2.2.20]
	at com.sun.faces.lifecycle.Phase.doPhase(Phase.java:101) ~[jsf-impl-2.2.20.jar:2.2.20]
	at com.sun.faces.lifecycle.LifecycleImpl.render(LifecycleImpl.java:219) ~[jsf-impl-2.2.20.jar:2.2.20]
	at javax.faces.webapp.FacesServlet.service(FacesServlet.java:659) ~[jsf-api-2.2.20.jar:2.2]
	at org.apache.catalina.core.ApplicationFilterChain.internalDoFilter(ApplicationFilterChain.java:231) ~[tomcat-embed-core-9.0.27.jar:9.0.27]
	at org.apache.catalina.core.ApplicationFilterChain.doFilter(ApplicationFilterChain.java:166) ~[tomcat-embed-core-9.0.27.jar:9.0.27]
	at org.apache.tomcat.websocket.server.WsFilter.doFilter(WsFilter.java:53) ~[tomcat-embed-websocket-9.0.27.jar:9.0.27]
	at org.apache.catalina.core.ApplicationFilterChain.internalDoFilter(ApplicationFilterChain.java:193) ~[tomcat-embed-core-9.0.27.jar:9.0.27]
	at org.apache.catalina.core.ApplicationFilterChain.doFilter(ApplicationFilterChain.java:166) ~[tomcat-embed-core-9.0.27.jar:9.0.27]
	at org.springframework.web.filter.RequestContextFilter.doFilterInternal(RequestContextFilter.java:100) ~[spring-web-5.2.0.RELEASE.jar:5.2.0.RELEASE]
	at org.springframework.web.filter.OncePerRequestFilter.doFilter(OncePerRequestFilter.java:119) ~[spring-web-5.2.0.RELEASE.jar:5.2.0.RELEASE]
	at org.apache.catalina.core.ApplicationFilterChain.internalDoFilter(ApplicationFilterChain.java:193) ~[tomcat-embed-core-9.0.27.jar:9.0.27]
	at org.apache.catalina.core.ApplicationFilterChain.doFilter(ApplicationFilterChain.java:166) ~[tomcat-embed-core-9.0.27.jar:9.0.27]
	at org.springframework.web.filter.FormContentFilter.doFilterInternal(FormContentFilter.java:93) ~[spring-web-5.2.0.RELEASE.jar:5.2.0.RELEASE]
	at org.springframework.web.filter.OncePerRequestFilter.doFilter(OncePerRequestFilter.java:119) ~[spring-web-5.2.0.RELEASE.jar:5.2.0.RELEASE]
	at org.apache.catalina.core.ApplicationFilterChain.internalDoFilter(ApplicationFilterChain.java:193) ~[tomcat-embed-core-9.0.27.jar:9.0.27]
	at org.apache.catalina.core.ApplicationFilterChain.doFilter(ApplicationFilterChain.java:166) ~[tomcat-embed-core-9.0.27.jar:9.0.27]
	at org.springframework.web.filter.CharacterEncodingFilter.doFilterInternal(CharacterEncodingFilter.java:201) ~[spring-web-5.2.0.RELEASE.jar:5.2.0.RELEASE]
	at org.springframework.web.filter.OncePerRequestFilter.doFilter(OncePerRequestFilter.java:119) ~[spring-web-5.2.0.RELEASE.jar:5.2.0.RELEASE]
	at org.apache.catalina.core.ApplicationFilterChain.internalDoFilter(ApplicationFilterChain.java:193) ~[tomcat-embed-core-9.0.27.jar:9.0.27]
	at org.apache.catalina.core.ApplicationFilterChain.doFilter(ApplicationFilterChain.java:166) ~[tomcat-embed-core-9.0.27.jar:9.0.27]
	at org.apache.catalina.core.StandardWrapperValve.invoke(StandardWrapperValve.java:202) ~[tomcat-embed-core-9.0.27.jar:9.0.27]
	at org.apache.catalina.core.StandardContextValve.invoke(StandardContextValve.java:96) ~[tomcat-embed-core-9.0.27.jar:9.0.27]
	at org.apache.catalina.authenticator.AuthenticatorBase.invoke(AuthenticatorBase.java:526) ~[tomcat-embed-core-9.0.27.jar:9.0.27]
	at org.apache.catalina.core.StandardHostValve.invoke(StandardHostValve.java:139) ~[tomcat-embed-core-9.0.27.jar:9.0.27]
	at org.apache.catalina.valves.ErrorReportValve.invoke(ErrorReportValve.java:92) ~[tomcat-embed-core-9.0.27.jar:9.0.27]
	at org.apache.catalina.core.StandardEngineValve.invoke(StandardEngineValve.java:74) ~[tomcat-embed-core-9.0.27.jar:9.0.27]
	at org.apache.catalina.connector.CoyoteAdapter.service(CoyoteAdapter.java:343) ~[tomcat-embed-core-9.0.27.jar:9.0.27]
	at org.apache.coyote.http11.Http11Processor.service(Http11Processor.java:408) ~[tomcat-embed-core-9.0.27.jar:9.0.27]
	at org.apache.coyote.AbstractProcessorLight.process(AbstractProcessorLight.java:66) ~[tomcat-embed-core-9.0.27.jar:9.0.27]
	at org.apache.coyote.AbstractProtocol$ConnectionHandler.process(AbstractProtocol.java:861) ~[tomcat-embed-core-9.0.27.jar:9.0.27]
	at org.apache.tomcat.util.net.NioEndpoint$SocketProcessor.doRun(NioEndpoint.java:1579) ~[tomcat-embed-core-9.0.27.jar:9.0.27]
	at org.apache.tomcat.util.net.SocketProcessorBase.run(SocketProcessorBase.java:49) ~[tomcat-embed-core-9.0.27.jar:9.0.27]
	at java.base/java.util.concurrent.ThreadPoolExecutor.runWorker(ThreadPoolExecutor.java:1128) ~[na:na]
	at java.base/java.util.concurrent.ThreadPoolExecutor$Worker.run(ThreadPoolExecutor.java:628) ~[na:na]
	at org.apache.tomcat.util.threads.TaskThread$WrappingRunnable.run(TaskThread.java:61) ~[tomcat-embed-core-9.0.27.jar:9.0.27]
	at java.base/java.lang.Thread.run(Thread.java:834) ~[na:na]

2019-12-08 17:07:49.043  INFO 2934 --- [http-nio-9091-exec-1] o.a.c.c.C.[Tomcat].[localhost].[/]       : Initializing Spring DispatcherServlet 'dispatcherServlet'
2019-12-08 17:07:49.044  INFO 2934 --- [http-nio-9091-exec-1] o.s.web.servlet.DispatcherServlet        : Initializing Servlet 'dispatcherServlet'
2019-12-08 17:07:49.059  INFO 2934 --- [http-nio-9091-exec-1] o.s.web.servlet.DispatcherServlet        : Completed initialization in 15 ms
2019-12-08 17:09:17.454  INFO 2934 --- [SpringContextShutdownHook] o.s.s.concurrent.ThreadPoolTaskExecutor  : Shutting down ExecutorService 'applicationTaskExecutor'
2019-12-08 17:09:17.455  INFO 2934 --- [SpringContextShutdownHook] j.LocalContainerEntityManagerFactoryBean : Closing JPA EntityManagerFactory for persistence unit 'default'
2019-12-08 17:09:17.455  INFO 2934 --- [SpringContextShutdownHook] .SchemaDropperImpl$DelayedDropActionImpl : HHH000477: Starting delayed evictData of schema as part of SessionFactory shut-down'
2019-12-08 17:09:17.474  WARN 2934 --- [SpringContextShutdownHook] o.s.b.f.support.DisposableBeanAdapter    : Invocation of destroy method failed on bean with name 'inMemoryDatabaseShutdownExecutor': org.h2.jdbc.JdbcSQLNonTransientConnectionException: Database is already closed (to disable automatic closing at VM shutdown, add ";DB_CLOSE_ON_EXIT=FALSE" to the db URL) [90121-199]
2019-12-08 17:09:17.475  INFO 2934 --- [SpringContextShutdownHook] com.zaxxer.hikari.HikariDataSource       : HikariPool-1 - Shutdown initiated...
2019-12-08 17:09:17.483  INFO 2934 --- [SpringContextShutdownHook] com.zaxxer.hikari.HikariDataSource       : HikariPool-1 - Shutdown completed.
2019-12-08 17:09:52.351  INFO 3147 --- [restartedMain] com.example.demo.DemoApplication         : Starting DemoApplication on norbi-pc with PID 3147 (/home/norbi/projekt-demo/demo/src/main/webapp/WEB-INF/classes started by norbi in /home/norbi/projekt-demo/demo)
2019-12-08 17:09:52.354  INFO 3147 --- [restartedMain] com.example.demo.DemoApplication         : The following profiles are active: dev
2019-12-08 17:09:52.437  INFO 3147 --- [restartedMain] o.s.b.devtools.restart.ChangeableUrls    : The Class-Path manifest attribute in /home/norbi/.m2/repository/org/glassfish/jaxb/jaxb-runtime/2.3.2/jaxb-runtime-2.3.2.jar referenced one or more files that do not exist: file:/home/norbi/.m2/repository/org/glassfish/jaxb/jaxb-runtime/2.3.2/jakarta.xml.bind-api-2.3.2.jar,file:/home/norbi/.m2/repository/org/glassfish/jaxb/jaxb-runtime/2.3.2/txw2-2.3.2.jar,file:/home/norbi/.m2/repository/org/glassfish/jaxb/jaxb-runtime/2.3.2/istack-commons-runtime-3.0.8.jar,file:/home/norbi/.m2/repository/org/glassfish/jaxb/jaxb-runtime/2.3.2/stax-ex-1.8.1.jar,file:/home/norbi/.m2/repository/org/glassfish/jaxb/jaxb-runtime/2.3.2/FastInfoset-1.2.16.jar,file:/home/norbi/.m2/repository/org/glassfish/jaxb/jaxb-runtime/2.3.2/jakarta.activation-api-1.2.1.jar
2019-12-08 17:09:52.438  INFO 3147 --- [restartedMain] .e.DevToolsPropertyDefaultsPostProcessor : Devtools property defaults active! Set 'spring.devtools.add-properties' to 'false' to disable
2019-12-08 17:09:52.439  INFO 3147 --- [restartedMain] .e.DevToolsPropertyDefaultsPostProcessor : For additional web related logging consider setting the 'logging.level.web' property to 'DEBUG'
2019-12-08 17:09:53.256  INFO 3147 --- [restartedMain] .s.d.r.c.RepositoryConfigurationDelegate : Bootstrapping Spring Data repositories in DEFAULT mode.
2019-12-08 17:09:53.286  INFO 3147 --- [restartedMain] .s.d.r.c.RepositoryConfigurationDelegate : Finished Spring Data repository scanning in 19ms. Found 0 repository interfaces.
2019-12-08 17:09:53.697  INFO 3147 --- [restartedMain] trationDelegate$BeanPostProcessorChecker : Bean 'org.springframework.transaction.annotation.ProxyTransactionManagementConfiguration' of type [org.springframework.transaction.annotation.ProxyTransactionManagementConfiguration] is not eligible for getting processed by all BeanPostProcessors (for example: not eligible for auto-proxying)
2019-12-08 17:09:54.093  INFO 3147 --- [restartedMain] o.s.b.w.embedded.tomcat.TomcatWebServer  : Tomcat initialized with port(s): 9091 (http)
2019-12-08 17:09:54.105  INFO 3147 --- [restartedMain] o.apache.catalina.core.StandardService   : Starting service [Tomcat]
2019-12-08 17:09:54.105  INFO 3147 --- [restartedMain] org.apache.catalina.core.StandardEngine  : Starting Servlet engine: [Apache Tomcat/9.0.27]
2019-12-08 17:09:54.449  INFO 3147 --- [restartedMain] org.apache.jasper.servlet.TldScanner     : At least one JAR was scanned for TLDs yet contained no TLDs. Enable debug logging for this logger for a complete list of JARs that were scanned but no TLDs were found in them. Skipping unneeded JARs during scanning can improve startup time and JSP compilation time.
2019-12-08 17:09:54.465  INFO 3147 --- [restartedMain] o.a.c.c.C.[Tomcat].[localhost].[/]       : Initializing Spring embedded WebApplicationContext
2019-12-08 17:09:54.466  INFO 3147 --- [restartedMain] o.s.web.context.ContextLoader            : Root WebApplicationContext: initialization completed in 2027 ms
2019-12-08 17:09:54.549  INFO 3147 --- [restartedMain] com.zaxxer.hikari.HikariDataSource       : HikariPool-1 - Starting...
2019-12-08 17:09:54.758  INFO 3147 --- [restartedMain] com.zaxxer.hikari.HikariDataSource       : HikariPool-1 - Start completed.
2019-12-08 17:09:54.767  INFO 3147 --- [restartedMain] o.s.b.a.h2.H2ConsoleAutoConfiguration    : H2 console available at '/h2'. Database available at 'jdbc:h2:mem:testdb'
2019-12-08 17:09:54.890  INFO 3147 --- [restartedMain] j.e.resource.webcontainer.jsf.config     : Initializing Mojarra 2.2.20 ( 20190731-0757 59754ac80c05d61848a08939ddd11a324f2345ac) for context ''
2019-12-08 17:09:55.139  INFO 3147 --- [restartedMain] j.e.r.webcontainer.jsf.application       : JSF1048: PostConstruct/PreDestroy annotations present.  ManagedBeans methods marked with these annotations will have said annotations processed.
2019-12-08 17:09:56.178  INFO 3147 --- [restartedMain] .w.PostConstructApplicationEventListener : Running on PrimeFaces 7.0
2019-12-08 17:09:56.178  INFO 3147 --- [restartedMain] .a.PostConstructApplicationEventListener : Running on PrimeFaces Extensions 7.0.2
2019-12-08 17:09:56.331  INFO 3147 --- [restartedMain] o.hibernate.jpa.internal.util.LogHelper  : HHH000204: Processing PersistenceUnitInfo [name: default]
2019-12-08 17:09:56.403  INFO 3147 --- [restartedMain] org.hibernate.Version                    : HHH000412: Hibernate Core {5.4.6.Final}
2019-12-08 17:09:56.551  INFO 3147 --- [restartedMain] o.hibernate.annotations.common.Version   : HCANN000001: Hibernate Commons Annotations {5.1.0.Final}
2019-12-08 17:09:56.671  INFO 3147 --- [restartedMain] org.hibernate.dialect.Dialect            : HHH000400: Using dialect: org.hibernate.dialect.H2Dialect
2019-12-08 17:09:56.918  INFO 3147 --- [restartedMain] o.h.e.t.j.p.i.JtaPlatformInitiator       : HHH000490: Using JtaPlatform implementation: [org.hibernate.engine.transaction.jta.platform.internal.NoJtaPlatform]
2019-12-08 17:09:56.925  INFO 3147 --- [restartedMain] j.LocalContainerEntityManagerFactoryBean : Initialized JPA EntityManagerFactory for persistence unit 'default'
2019-12-08 17:09:56.942  INFO 3147 --- [restartedMain] o.s.b.d.a.OptionalLiveReloadServer       : LiveReload server is running on port 35729
2019-12-08 17:09:57.361  WARN 3147 --- [restartedMain] JpaBaseConfiguration$JpaWebConfiguration : spring.jpa.open-in-view is enabled by default. Therefore, database queries may be performed during view rendering. Explicitly configure spring.jpa.open-in-view to disable this warning
2019-12-08 17:09:57.508  INFO 3147 --- [restartedMain] o.s.s.concurrent.ThreadPoolTaskExecutor  : Initializing ExecutorService 'applicationTaskExecutor'
2019-12-08 17:09:57.815  INFO 3147 --- [restartedMain] o.s.b.w.embedded.tomcat.TomcatWebServer  : Tomcat started on port(s): 9091 (http) with context path ''
2019-12-08 17:09:57.818  INFO 3147 --- [restartedMain] com.example.demo.DemoApplication         : Started DemoApplication in 5.992 seconds (JVM running for 10.546)
2019-12-08 17:10:12.652  INFO 3147 --- [http-nio-9091-exec-1] o.a.c.c.C.[Tomcat].[localhost].[/]       : Initializing Spring DispatcherServlet 'dispatcherServlet'
2019-12-08 17:10:12.653  INFO 3147 --- [http-nio-9091-exec-1] o.s.web.servlet.DispatcherServlet        : Initializing Servlet 'dispatcherServlet'
2019-12-08 17:10:12.673  INFO 3147 --- [http-nio-9091-exec-1] o.s.web.servlet.DispatcherServlet        : Completed initialization in 20 ms
2019-12-08 17:11:11.579  WARN 3147 --- [http-nio-9091-exec-1] j.e.r.webcontainer.jsf.application       : JSF1064: Unable to find or serve resource, rock_monster.png, from library, enemy.
2019-12-08 17:11:11.590  WARN 3147 --- [http-nio-9091-exec-1] j.e.r.webcontainer.jsf.application       : 

org.apache.catalina.connector.ClientAbortException: java.io.IOException: Broken pipe
	at org.apache.catalina.connector.OutputBuffer.realWriteBytes(OutputBuffer.java:351) ~[tomcat-embed-core-9.0.27.jar:9.0.27]
	at org.apache.catalina.connector.OutputBuffer.flushByteBuffer(OutputBuffer.java:776) ~[tomcat-embed-core-9.0.27.jar:9.0.27]
	at org.apache.catalina.connector.OutputBuffer.append(OutputBuffer.java:681) ~[tomcat-embed-core-9.0.27.jar:9.0.27]
	at org.apache.catalina.connector.OutputBuffer.writeBytes(OutputBuffer.java:386) ~[tomcat-embed-core-9.0.27.jar:9.0.27]
	at org.apache.catalina.connector.OutputBuffer.write(OutputBuffer.java:364) ~[tomcat-embed-core-9.0.27.jar:9.0.27]
	at org.apache.catalina.connector.CoyoteOutputStream.write(CoyoteOutputStream.java:96) ~[tomcat-embed-core-9.0.27.jar:9.0.27]
	at java.base/java.nio.channels.Channels$WritableByteChannelImpl.write(Channels.java:464) ~[na:na]
	at com.sun.faces.application.resource.ResourceHandlerImpl.handleResourceRequest(ResourceHandlerImpl.java:358) ~[jsf-impl-2.2.20.jar:2.2.20]
	at javax.faces.application.ResourceHandlerWrapper.handleResourceRequest(ResourceHandlerWrapper.java:153) ~[jsf-api-2.2.20.jar:2.2]
	at org.primefaces.application.resource.PrimeResourceHandler.handleResourceRequest(PrimeResourceHandler.java:96) ~[primefaces-7.0.jar:7.0]
	at javax.faces.application.ResourceHandlerWrapper.handleResourceRequest(ResourceHandlerWrapper.java:153) ~[jsf-api-2.2.20.jar:2.2]
	at javax.faces.webapp.FacesServlet.service(FacesServlet.java:655) ~[jsf-api-2.2.20.jar:2.2]
	at org.apache.catalina.core.ApplicationFilterChain.internalDoFilter(ApplicationFilterChain.java:231) ~[tomcat-embed-core-9.0.27.jar:9.0.27]
	at org.apache.catalina.core.ApplicationFilterChain.doFilter(ApplicationFilterChain.java:166) ~[tomcat-embed-core-9.0.27.jar:9.0.27]
	at org.apache.tomcat.websocket.server.WsFilter.doFilter(WsFilter.java:53) ~[tomcat-embed-websocket-9.0.27.jar:9.0.27]
	at org.apache.catalina.core.ApplicationFilterChain.internalDoFilter(ApplicationFilterChain.java:193) ~[tomcat-embed-core-9.0.27.jar:9.0.27]
	at org.apache.catalina.core.ApplicationFilterChain.doFilter(ApplicationFilterChain.java:166) ~[tomcat-embed-core-9.0.27.jar:9.0.27]
	at org.springframework.web.filter.RequestContextFilter.doFilterInternal(RequestContextFilter.java:100) ~[spring-web-5.2.0.RELEASE.jar:5.2.0.RELEASE]
	at org.springframework.web.filter.OncePerRequestFilter.doFilter(OncePerRequestFilter.java:119) ~[spring-web-5.2.0.RELEASE.jar:5.2.0.RELEASE]
	at org.apache.catalina.core.ApplicationFilterChain.internalDoFilter(ApplicationFilterChain.java:193) ~[tomcat-embed-core-9.0.27.jar:9.0.27]
	at org.apache.catalina.core.ApplicationFilterChain.doFilter(ApplicationFilterChain.java:166) ~[tomcat-embed-core-9.0.27.jar:9.0.27]
	at org.springframework.web.filter.FormContentFilter.doFilterInternal(FormContentFilter.java:93) ~[spring-web-5.2.0.RELEASE.jar:5.2.0.RELEASE]
	at org.springframework.web.filter.OncePerRequestFilter.doFilter(OncePerRequestFilter.java:119) ~[spring-web-5.2.0.RELEASE.jar:5.2.0.RELEASE]
	at org.apache.catalina.core.ApplicationFilterChain.internalDoFilter(ApplicationFilterChain.java:193) ~[tomcat-embed-core-9.0.27.jar:9.0.27]
	at org.apache.catalina.core.ApplicationFilterChain.doFilter(ApplicationFilterChain.java:166) ~[tomcat-embed-core-9.0.27.jar:9.0.27]
	at org.springframework.web.filter.CharacterEncodingFilter.doFilterInternal(CharacterEncodingFilter.java:201) ~[spring-web-5.2.0.RELEASE.jar:5.2.0.RELEASE]
	at org.springframework.web.filter.OncePerRequestFilter.doFilter(OncePerRequestFilter.java:119) ~[spring-web-5.2.0.RELEASE.jar:5.2.0.RELEASE]
	at org.apache.catalina.core.ApplicationFilterChain.internalDoFilter(ApplicationFilterChain.java:193) ~[tomcat-embed-core-9.0.27.jar:9.0.27]
	at org.apache.catalina.core.ApplicationFilterChain.doFilter(ApplicationFilterChain.java:166) ~[tomcat-embed-core-9.0.27.jar:9.0.27]
	at org.apache.catalina.core.StandardWrapperValve.invoke(StandardWrapperValve.java:202) ~[tomcat-embed-core-9.0.27.jar:9.0.27]
	at org.apache.catalina.core.StandardContextValve.invoke(StandardContextValve.java:96) ~[tomcat-embed-core-9.0.27.jar:9.0.27]
	at org.apache.catalina.authenticator.AuthenticatorBase.invoke(AuthenticatorBase.java:526) ~[tomcat-embed-core-9.0.27.jar:9.0.27]
	at org.apache.catalina.core.StandardHostValve.invoke(StandardHostValve.java:139) ~[tomcat-embed-core-9.0.27.jar:9.0.27]
	at org.apache.catalina.valves.ErrorReportValve.invoke(ErrorReportValve.java:92) ~[tomcat-embed-core-9.0.27.jar:9.0.27]
	at org.apache.catalina.core.StandardEngineValve.invoke(StandardEngineValve.java:74) ~[tomcat-embed-core-9.0.27.jar:9.0.27]
	at org.apache.catalina.connector.CoyoteAdapter.service(CoyoteAdapter.java:343) ~[tomcat-embed-core-9.0.27.jar:9.0.27]
	at org.apache.coyote.http11.Http11Processor.service(Http11Processor.java:408) ~[tomcat-embed-core-9.0.27.jar:9.0.27]
	at org.apache.coyote.AbstractProcessorLight.process(AbstractProcessorLight.java:66) ~[tomcat-embed-core-9.0.27.jar:9.0.27]
	at org.apache.coyote.AbstractProtocol$ConnectionHandler.process(AbstractProtocol.java:861) ~[tomcat-embed-core-9.0.27.jar:9.0.27]
	at org.apache.tomcat.util.net.NioEndpoint$SocketProcessor.doRun(NioEndpoint.java:1579) ~[tomcat-embed-core-9.0.27.jar:9.0.27]
	at org.apache.tomcat.util.net.SocketProcessorBase.run(SocketProcessorBase.java:49) ~[tomcat-embed-core-9.0.27.jar:9.0.27]
	at java.base/java.util.concurrent.ThreadPoolExecutor.runWorker(ThreadPoolExecutor.java:1128) ~[na:na]
	at java.base/java.util.concurrent.ThreadPoolExecutor$Worker.run(ThreadPoolExecutor.java:628) ~[na:na]
	at org.apache.tomcat.util.threads.TaskThread$WrappingRunnable.run(TaskThread.java:61) ~[tomcat-embed-core-9.0.27.jar:9.0.27]
	at java.base/java.lang.Thread.run(Thread.java:834) ~[na:na]
Caused by: java.io.IOException: Broken pipe
	at java.base/sun.nio.ch.FileDispatcherImpl.write0(Native Method) ~[na:na]
	at java.base/sun.nio.ch.SocketDispatcher.write(SocketDispatcher.java:47) ~[na:na]
	at java.base/sun.nio.ch.IOUtil.writeFromNativeBuffer(IOUtil.java:113) ~[na:na]
	at java.base/sun.nio.ch.IOUtil.write(IOUtil.java:79) ~[na:na]
	at java.base/sun.nio.ch.IOUtil.write(IOUtil.java:50) ~[na:na]
	at java.base/sun.nio.ch.SocketChannelImpl.write(SocketChannelImpl.java:466) ~[na:na]
	at org.apache.tomcat.util.net.NioChannel.write(NioChannel.java:138) ~[tomcat-embed-core-9.0.27.jar:9.0.27]
	at org.apache.tomcat.util.net.NioBlockingSelector.write(NioBlockingSelector.java:101) ~[tomcat-embed-core-9.0.27.jar:9.0.27]
	at org.apache.tomcat.util.net.NioSelectorPool.write(NioSelectorPool.java:152) ~[tomcat-embed-core-9.0.27.jar:9.0.27]
	at org.apache.tomcat.util.net.NioEndpoint$NioSocketWrapper.doWrite(NioEndpoint.java:1251) ~[tomcat-embed-core-9.0.27.jar:9.0.27]
	at org.apache.tomcat.util.net.SocketWrapperBase.doWrite(SocketWrapperBase.java:801) ~[tomcat-embed-core-9.0.27.jar:9.0.27]
	at org.apache.tomcat.util.net.SocketWrapperBase.writeBlocking(SocketWrapperBase.java:571) ~[tomcat-embed-core-9.0.27.jar:9.0.27]
	at org.apache.tomcat.util.net.SocketWrapperBase.write(SocketWrapperBase.java:509) ~[tomcat-embed-core-9.0.27.jar:9.0.27]
	at org.apache.coyote.http11.Http11OutputBuffer$SocketOutputBuffer.doWrite(Http11OutputBuffer.java:538) ~[tomcat-embed-core-9.0.27.jar:9.0.27]
	at org.apache.coyote.http11.filters.ChunkedOutputFilter.doWrite(ChunkedOutputFilter.java:112) ~[tomcat-embed-core-9.0.27.jar:9.0.27]
	at org.apache.coyote.http11.Http11OutputBuffer.doWrite(Http11OutputBuffer.java:190) ~[tomcat-embed-core-9.0.27.jar:9.0.27]
	at org.apache.coyote.Response.doWrite(Response.java:601) ~[tomcat-embed-core-9.0.27.jar:9.0.27]
	at org.apache.catalina.connector.OutputBuffer.realWriteBytes(OutputBuffer.java:339) ~[tomcat-embed-core-9.0.27.jar:9.0.27]
	... 44 common frames omitted

2019-12-08 17:11:37.030  INFO 3147 --- [SpringContextShutdownHook] o.s.s.concurrent.ThreadPoolTaskExecutor  : Shutting down ExecutorService 'applicationTaskExecutor'
2019-12-08 17:11:37.031  INFO 3147 --- [SpringContextShutdownHook] j.LocalContainerEntityManagerFactoryBean : Closing JPA EntityManagerFactory for persistence unit 'default'
2019-12-08 17:11:37.031  INFO 3147 --- [SpringContextShutdownHook] .SchemaDropperImpl$DelayedDropActionImpl : HHH000477: Starting delayed evictData of schema as part of SessionFactory shut-down'
2019-12-08 17:11:37.049  WARN 3147 --- [SpringContextShutdownHook] o.s.b.f.support.DisposableBeanAdapter    : Invocation of destroy method failed on bean with name 'inMemoryDatabaseShutdownExecutor': org.h2.jdbc.JdbcSQLNonTransientConnectionException: Database is already closed (to disable automatic closing at VM shutdown, add ";DB_CLOSE_ON_EXIT=FALSE" to the db URL) [90121-199]
2019-12-08 17:11:37.050  INFO 3147 --- [SpringContextShutdownHook] com.zaxxer.hikari.HikariDataSource       : HikariPool-1 - Shutdown initiated...
2019-12-08 17:11:37.053  INFO 3147 --- [SpringContextShutdownHook] com.zaxxer.hikari.HikariDataSource       : HikariPool-1 - Shutdown completed.
